<?xml version="1.0" encoding="UTF-8"?>
<!-- Generated by org.testng.reporters.JUnitXMLReporter -->
<testsuite ignored="0" hostname="Harshini" failures="0" tests="6" name="Accounts" time="0.008" errors="0" timestamp="2023-03-16T16:00:10 EDT">
  <testcase classname="com.training.annotation.Test2" name="accounts" time="0.001"/>
  <testcase classname="com.training.annotation.Test2" name="login" time="0.001"/>
  <testcase classname="com.training.annotation.Test2" name="log" time="0.001"/>
  <testcase classname="com.training.annotation.Test2" name="home" time="0.001"/>
  <testcase classname="com.training.annotation1.Test4" name="login" time="0.0"/>
  <testcase classname="com.training.annotation1.Test4" name="login1" time="0.0"/>
</testsuite> <!-- Accounts -->
