<?xml version="1.0" encoding="UTF-8"?>
<!-- Generated by org.testng.reporters.JUnitXMLReporter -->
<testsuite ignored="0" hostname="Harshini" failures="0" tests="4" name="Login" time="0.035" errors="0" timestamp="2023-03-16T16:00:10 EDT">
  <testcase classname="com.training.annotation.Test1" name="Account" time="0.003"/>
  <testcase classname="com.training.annotation.Test1" name="login" time="0.001"/>
  <testcase classname="com.training.annotation1.Test3" name="Account" time="0.0"/>
  <testcase classname="com.training.annotation1.Test3" name="login" time="0.001"/>
</testsuite> <!-- Login -->
