<?xml version="1.0" encoding="UTF-8"?>
<!-- Generated by org.testng.reporters.JUnitXMLReporter -->
<testsuite ignored="3" hostname="Harshini" failures="0" tests="1" name="Default test" time="0.037" errors="0" timestamp="2023-03-16T18:54:16 EDT">
  <testcase classname="com.training.annotation.Test2" name="login" time="0.012"/>
  <testcase classname="com.training.annotation.Test2" name="accounts" time="0.0">
    <ignored/>
  </testcase> <!-- accounts -->
  <testcase classname="com.training.annotation.Test2" name="home" time="0.0">
    <ignored/>
  </testcase> <!-- home -->
  <testcase classname="com.training.annotation.Test2" name="log" time="0.0">
    <ignored/>
  </testcase> <!-- log -->
</testsuite> <!-- Default test -->
