<?xml version="1.0" encoding="UTF-8"?>
<!-- Generated by org.testng.reporters.JUnitXMLReporter -->
<testsuite ignored="2" hostname="Harshini" failures="0" tests="2" name="GRP-web" time="0.058" errors="0" timestamp="2023-03-16T18:41:54 EDT">
  <testcase classname="com.training.annotation.Test2" name="accounts" time="0.007"/>
  <testcase classname="com.training.annotation.Test2" name="home" time="0.001"/>
  <testcase classname="com.training.annotation.Test2" name="login" time="0.0">
    <ignored/>
  </testcase> <!-- login -->
  <testcase classname="com.training.annotation.Test2" name="log" time="0.0">
    <ignored/>
  </testcase> <!-- log -->
</testsuite> <!-- GRP-web -->
