<?xml version="1.0" encoding="UTF-8"?>
<!-- Generated by org.testng.reporters.JUnitXMLReporter -->
<testsuite ignored="2" hostname="Harshini" failures="0" tests="2" name="GRP-title" time="0.034" errors="0" timestamp="2023-03-16T15:30:40 EDT">
  <testcase classname="com.training.annotation.Test2" name="home" time="0.004"/>
  <testcase classname="com.training.annotation.Test2" name="log" time="0.001"/>
  <testcase classname="com.training.annotation.Test2" name="accounts" time="0.0">
    <ignored/>
  </testcase> <!-- accounts -->
  <testcase classname="com.training.annotation.Test2" name="login" time="0.0">
    <ignored/>
  </testcase> <!-- login -->
</testsuite> <!-- GRP-title -->
